::1 - - [31/May/2026 17:08:32] "GET /index.html HTTP/1.1" 200 -
::1 - - [31/May/2026 17:09:38] "GET /index.html HTTP/1.1" 200 -
::1 - - [31/May/2026 17:09:38] "GET /style.css HTTP/1.1" 200 -
::1 - - [31/May/2026 17:09:38] "GET /app.js HTTP/1.1" 200 -
::1 - - [31/May/2026 17:09:39] "GET /market_playback.json HTTP/1.1" 200 -
::1 - - [31/May/2026 17:09:39] code 404, message File not found
::1 - - [31/May/2026 17:09:39] "GET /favicon.ico HTTP/1.1" 404 -
::1 - - [31/May/2026 17:58:29] "GET /index.html HTTP/1.1" 304 -
::1 - - [31/May/2026 17:58:29] "GET /style.css HTTP/1.1" 304 -
::1 - - [31/May/2026 17:58:29] "GET /app.js HTTP/1.1" 304 -
::1 - - [31/May/2026 17:58:29] "GET /market_playback.json HTTP/1.1" 304 -
::1 - - [31/May/2026 18:03:49] "GET /index.html HTTP/1.1" 304 -
::1 - - [31/May/2026 18:03:49] "GET /style.css HTTP/1.1" 200 -
::1 - - [31/May/2026 18:03:49] "GET /app.js HTTP/1.1" 200 -
::1 - - [31/May/2026 18:03:49] "GET /market_playback.json HTTP/1.1" 304 -
::1 - - [31/May/2026 18:04:23] "GET /index.html HTTP/1.1" 304 -
::1 - - [31/May/2026 18:04:23] "GET /style.css HTTP/1.1" 304 -
::1 - - [31/May/2026 18:04:23] "GET /app.js HTTP/1.1" 304 -
::1 - - [31/May/2026 18:05:36] "GET /index.html HTTP/1.1" 304 -
::1 - - [31/May/2026 18:05:36] "GET /style.css HTTP/1.1" 304 -
::1 - - [31/May/2026 18:05:36] "GET /app.js HTTP/1.1" 304 -
::1 - - [31/May/2026 18:10:57] "GET /index.html HTTP/1.1" 200 -
::1 - - [31/May/2026 18:10:57] "GET /style.css HTTP/1.1" 200 -
::1 - - [31/May/2026 18:10:57] "GET /app.js HTTP/1.1" 200 -
::1 - - [31/May/2026 18:10:57] "GET /market_playback.json HTTP/1.1" 304 -
::1 - - [31/May/2026 18:17:32] "GET /index.html HTTP/1.1" 200 -
::1 - - [31/May/2026 18:17:32] "GET /style.css HTTP/1.1" 200 -
::1 - - [31/May/2026 18:17:32] "GET /app.js HTTP/1.1" 200 -
::1 - - [31/May/2026 18:17:32] "GET /market_playback.json HTTP/1.1" 304 -
::1 - - [31/May/2026 18:19:32] "GET /index.html HTTP/1.1" 200 -
::1 - - [31/May/2026 18:19:32] "GET /style.css HTTP/1.1" 200 -
::1 - - [31/May/2026 18:19:32] "GET /app.js HTTP/1.1" 200 -
::1 - - [31/May/2026 18:22:37] "GET /index.html HTTP/1.1" 200 -
::1 - - [31/May/2026 18:22:37] "GET /style.css HTTP/1.1" 304 -
::1 - - [31/May/2026 18:22:37] "GET /app.js HTTP/1.1" 200 -
::1 - - [31/May/2026 18:25:24] "GET /index.html HTTP/1.1" 304 -
::1 - - [31/May/2026 18:25:24] "GET /app.js HTTP/1.1" 200 -
::1 - - [31/May/2026 18:25:24] "GET /style.css HTTP/1.1" 304 -
::1 - - [31/May/2026 18:25:24] "GET /market_playback.json HTTP/1.1" 304 -
::1 - - [31/May/2026 18:26:48] "GET /index.html HTTP/1.1" 304 -
::1 - - [31/May/2026 18:26:48] "GET /style.css HTTP/1.1" 304 -
::1 - - [31/May/2026 18:26:48] "GET /app.js HTTP/1.1" 200 -
::1 - - [31/May/2026 18:27:22] "GET /index.html HTTP/1.1" 304 -
::1 - - [31/May/2026 18:27:22] "GET /app.js HTTP/1.1" 304 -
::1 - - [31/May/2026 18:29:25] "GET /index.html HTTP/1.1" 304 -
::1 - - [31/May/2026 18:29:25] "GET /style.css HTTP/1.1" 304 -
::1 - - [31/May/2026 18:29:25] "GET /app.js HTTP/1.1" 200 -
::1 - - [31/May/2026 18:33:48] "GET /index.html HTTP/1.1" 200 -
::1 - - [31/May/2026 18:33:49] "GET /app.js HTTP/1.1" 200 -
::1 - - [31/May/2026 18:33:49] "GET /style.css HTTP/1.1" 200 -
::1 - - [31/May/2026 18:33:49] "GET /market_playback.json HTTP/1.1" 304 -
::1 - - [31/May/2026 18:34:03] "GET /index.html HTTP/1.1" 200 -
::1 - - [31/May/2026 18:34:03] "GET /style.css HTTP/1.1" 200 -
::1 - - [31/May/2026 18:34:03] "GET /app.js HTTP/1.1" 200 -
::1 - - [31/May/2026 18:35:12] "GET /index.html HTTP/1.1" 304 -
::1 - - [31/May/2026 18:35:12] "GET /style.css HTTP/1.1" 304 -
::1 - - [31/May/2026 18:35:12] "GET /app.js HTTP/1.1" 200 -
::1 - - [31/May/2026 18:41:39] "GET /index.html HTTP/1.1" 200 -
::1 - - [31/May/2026 18:41:39] "GET /style.css HTTP/1.1" 200 -
::1 - - [31/May/2026 18:41:39] "GET /app.js HTTP/1.1" 200 -
::1 - - [31/May/2026 18:44:05] "GET /index.html HTTP/1.1" 200 -
::1 - - [31/May/2026 18:44:05] "GET /style.css HTTP/1.1" 200 -
::1 - - [31/May/2026 18:44:05] "GET /app.js HTTP/1.1" 200 -
::1 - - [31/May/2026 18:44:05] "GET /market_playback.json HTTP/1.1" 304 -
::1 - - [31/May/2026 18:44:20] "GET /index.html HTTP/1.1" 304 -
::1 - - [31/May/2026 18:44:20] "GET /style.css HTTP/1.1" 304 -
::1 - - [31/May/2026 18:44:20] "GET /app.js HTTP/1.1" 304 -
::1 - - [31/May/2026 20:44:34] "GET /index.html HTTP/1.1" 304 -
::1 - - [31/May/2026 20:44:34] "GET /style.css HTTP/1.1" 304 -
::1 - - [31/May/2026 20:44:34] "GET /app.js HTTP/1.1" 200 -
::1 - - [31/May/2026 20:44:34] "GET /market_playback.json HTTP/1.1" 304 -
::1 - - [31/May/2026 20:50:52] "GET /index.html HTTP/1.1" 304 -
::1 - - [31/May/2026 20:50:52] "GET /app.js HTTP/1.1" 304 -
::1 - - [31/May/2026 20:56:55] "GET /index.html HTTP/1.1" 304 -
::1 - - [31/May/2026 20:56:55] "GET /style.css HTTP/1.1" 304 -
::1 - - [31/May/2026 20:56:55] "GET /app.js HTTP/1.1" 200 -
::1 - - [31/May/2026 21:01:25] "GET /index.html HTTP/1.1" 304 -
::1 - - [31/May/2026 21:01:25] "GET /app.js HTTP/1.1" 200 -
::1 - - [31/May/2026 21:02:48] "GET /index.html HTTP/1.1" 304 -
::1 - - [31/May/2026 21:02:48] "GET /app.js HTTP/1.1" 200 -
